
> eternity@0.0.0 start /host/eternity
> node ./bin/www

Express server listening on port 3000
[0mGET /eternity/admin [36m304 [0m732.697 ms - -[0m
[0mGET /stylesheets/bootstrap.min.css [32m200 [0m24.458 ms - 121260[0m
[0mGET /javascripts/jquery-1.12.2.min.js [32m200 [0m22.097 ms - 97244[0m
[0mGET /javascripts/bootstrap.min.js [32m200 [0m31.295 ms - 36868[0m
[0mGET /javascripts/md5.min.js [32m200 [0m31.886 ms - 3872[0m
[0mPOST /eternity/admin [32m200 [0m39.184 ms - 16[0m
[0mGET /eternity/admin/index [32m200 [0m43.466 ms - 1596[0m
[0mGET /stylesheets/admin/main.css [32m200 [0m4.812 ms - 688[0m
[0mGET /javascripts/jquery-1.12.2.min.js [36m304 [0m1.654 ms - -[0m
[0mGET /stylesheets/bootstrap.min.css [36m304 [0m2.922 ms - -[0m
[0mGET /javascripts/bootstrap.min.js [36m304 [0m1.318 ms - -[0m
loading file: /host/eternity/public/config/says.txt
[0mGET /eternity/love-record/says [36m304 [0m14.251 ms - -[0m
[0mPOST /eternity/admin/love-record/upload [32m200 [0m34.551 ms - -[0m
rename ok
writed fileï¼š/host/eternity/public/config/says.txt content: çœ‹ä¸è§ä½ çš„ç¬‘æ€Žä¹ˆèƒ½ç¡ç€

[0mGET /eternity [36m304 [0m33.954 ms - -[0m
[0mGET /stylesheets/bootstrap.min.css [36m304 [0m4.605 ms - -[0m
[0mGET /stylesheets/love-record/main.css [32m200 [0m29.329 ms - 1697[0m
[0mGET /javascripts/bootstrap.min.js [36m304 [0m9.757 ms - -[0m
[0mGET /javascripts/jquery-1.12.2.min.js [36m304 [0m31.430 ms - -[0m
[0mGET /javascripts/jquery.backstretch.min.js [32m200 [0m28.951 ms - 4233[0m
[0mGET /javascripts/count-time.js [32m200 [0m26.292 ms - 1647[0m
[0mGET /fonts/journal-webfont.woff [32m200 [0m2.169 ms - 37764[0m
[0mGET /eternity/love-record/imgs [32m200 [0m10.676 ms - 1095[0m
loading file: /host/eternity/public/config/says.txt
[0mGET /eternity/love-record/says [32m200 [0m5.582 ms - 2341[0m
[0mGET /media/hongdou.mp3 [32m206 [0m7.262 ms - 1048576[0m
[0mGET /images/love-record/1.jpg [32m200 [0m6.965 ms - 45502[0m
[0mGET /images/love-record/2.JPG [32m200 [0m14.843 ms - 92482[0m
[0mGET /images/love-record/3.jpg [32m200 [0m24.325 ms - 47818[0m
[0mGET /images/love-record/4.JPG [32m200 [0m18.452 ms - 65788[0m
[0mGET /images/love-record/5.jpg [32m200 [0m12.966 ms - 140698[0m
[0mGET /images/love-record/7.jpg [32m200 [0m6.807 ms - 117087[0m
[0mGET /images/love-record/6.jpg [32m200 [0m8.307 ms - 78439[0m
[0mGET /images/love-record/9.jpg [32m200 [0m8.957 ms - 45195[0m
[0mGET /images/love-record/8.jpg [32m200 [0m13.778 ms - 148926[0m
[0mGET /images/love-record/11.jpg [32m200 [0m23.235 ms - 12085[0m
[0mGET /images/love-record/12.jpg [32m200 [0m25.838 ms - 19161[0m
[0mGET /images/love-record/10.jpg [32m200 [0m17.288 ms - 5465165[0m
[0mGET /images/love-record/14.jpg [32m200 [0m92.118 ms - 33544[0m
[0mGET /images/love-record/13.jpg [32m200 [0m95.844 ms - 74471[0m
[0mGET /images/love-record/15.jpg [32m200 [0m53.400 ms - 47161[0m
[0mGET /images/love-record/16.jpg [32m200 [0m71.866 ms - 48336[0m
[0mGET /images/love-record/17.jpg [32m200 [0m57.327 ms - 84842[0m
[0mGET /images/love-record/18.jpg [32m200 [0m17.480 ms - 48935[0m
[0mGET /images/love-record/19.jpg [32m200 [0m19.405 ms - 75794[0m
[0mGET /images/love-record/21.jpg [32m200 [0m98.637 ms - 41910[0m
[0mGET /images/love-record/20.jpg [32m200 [0m17.685 ms - 88568[0m
[0mGET /images/love-record/22.jpg [32m200 [0m18.025 ms - 82525[0m
[0mGET /images/love-record/23.jpg [32m200 [0m18.594 ms - 111562[0m
[0mGET /images/love-record/25.jpg [32m200 [0m47.040 ms - 54507[0m
[0mGET /images/love-record/24.jpg [32m200 [0m46.428 ms - 51586[0m
[0mGET /images/love-record/26.jpg [32m200 [0m56.491 ms - 28863[0m
[0mGET /media/hongdou.mp3 [32m206 [0m1.189 ms - 1894144[0m
[0mGET /images/love-record/27.jpg [32m200 [0m24.683 ms - 61895[0m
[0mGET /images/love-record/29.jpg [32m200 [0m31.056 ms - 95381[0m
[0mGET /images/love-record/30.jpg [32m200 [0m33.178 ms - 91415[0m
[0mGET /images/love-record/28.jpg [32m200 [0m28.510 ms - 185856[0m
[0mGET /images/love-record/32.jpg [32m200 [0m35.299 ms - 83563[0m
[0mGET /images/love-record/31.jpg [32m200 [0m32.626 ms - 134187[0m
[0mGET /images/love-record/end.jpg [32m200 [0m32.625 ms - 123177[0m
[0mGET /images/love-record/37.png [32m200 [0m29.712 ms - 187574[0m
[0mGET /images/love-record/33.jpg [32m200 [0m32.649 ms - 477445[0m
[0mGET /images/love-record/36.jpg [32m200 [0m20.678 ms - 530939[0m
[0mGET /images/love-record/34.jpg [32m200 [0m39.135 ms - 1013429[0m
[0mGET /images/love-record/35.jpg [32m200 [0m43.330 ms - 1021891[0m
[0mGET /images/love-record/3.jpg [36m304 [0m1.739 ms - -[0m
[0mGET /images/love-record/4.JPG [36m304 [0m0.873 ms - -[0m
[0mGET /images/love-record/5.jpg [36m304 [0m2.675 ms - -[0m
[0mGET /images/love-record/6.jpg [36m304 [0m1.651 ms - -[0m
[0mGET /images/love-record/7.jpg [36m304 [0m0.292 ms - -[0m
[0mGET /images/love-record/8.jpg [36m304 [0m0.713 ms - -[0m
[0mGET /images/love-record/9.jpg [36m304 [0m0.748 ms - -[0m
[0mGET /images/love-record/10.jpg [32m206 [0m1.729 ms - 1[0m
[0mGET /images/love-record/11.jpg [36m304 [0m1.043 ms - -[0m
[0mGET /images/love-record/12.jpg [36m304 [0m0.710 ms - -[0m
[0mGET /images/love-record/13.jpg [36m304 [0m0.696 ms - -[0m
[0mGET /images/love-record/14.jpg [36m304 [0m0.848 ms - -[0m
[0mGET /images/love-record/15.jpg [36m304 [0m1.244 ms - -[0m
[0mGET /eternity/love_record [33m404 [0m33.931 ms - 862[0m
[0mGET /eternity/admin [32m200 [0m37.982 ms - 1731[0m
[0mGET /stylesheets/bootstrap.min.css [36m304 [0m2.221 ms - -[0m
[0mGET /javascripts/jquery-1.12.2.min.js [36m304 [0m7.810 ms - -[0m
[0mGET /javascripts/bootstrap.min.js [36m304 [0m5.373 ms - -[0m
[0mGET /javascripts/md5.min.js [36m304 [0m3.227 ms - -[0m

> eternity@0.0.0 start /host/eternity
> node ./bin/www


events.js:72
        throw er; // Unhandled 'error' event
              ^
Error: listen EADDRINUSE
    at errnoException (net.js:905:11)
    at Server._listen2 (net.js:1043:14)
    at listen (net.js:1065:10)
    at Server.listen (net.js:1139:5)
    at Object.<anonymous> (/host/eternity/app.js:82:24)
    at Module._compile (module.js:456:26)
    at Object.Module._extensions..js (module.js:474:10)
    at Module.load (module.js:356:32)
    at Function.Module._load (module.js:312:12)
    at Module.require (module.js:364:17)

npm ERR! eternity@0.0.0 start: `node ./bin/www`
npm ERR! Exit status 8
npm ERR! 
npm ERR! Failed at the eternity@0.0.0 start script.
npm ERR! This is most likely a problem with the eternity package,
npm ERR! not with npm itself.
npm ERR! Tell the author that this fails on your system:
npm ERR!     node ./bin/www
npm ERR! You can get their info via:
npm ERR!     npm owner ls eternity
npm ERR! There is likely additional logging output above.
npm ERR! System Linux 3.2.0-23-generic-pae
npm ERR! command "/usr/bin/node" "/usr/bin/npm" "start"
npm ERR! cwd /host/eternity
npm ERR! node -v v0.10.37
npm ERR! npm -v 1.4.28
npm ERR! code ELIFECYCLE
npm ERR! 
npm ERR! Additional logging details can be found in:
npm ERR!     /host/eternity/npm-debug.log
npm ERR! not ok code 0
[0mGET /eternity/admin [36m304 [0m31.693 ms - -[0m
[0mGET /stylesheets/bootstrap.min.css [36m304 [0m1.727 ms - -[0m
[0mGET /javascripts/jquery-1.12.2.min.js [36m304 [0m6.402 ms - -[0m
[0mGET /javascripts/bootstrap.min.js [36m304 [0m3.072 ms - -[0m
[0mGET /javascripts/md5.min.js [36m304 [0m2.197 ms - -[0m
[0mGET /admin [33m404 [0m27.429 ms - 840[0m
[0mGET /eternity/admin [36m304 [0m17.831 ms - -[0m
[0mGET /stylesheets/bootstrap.min.css [36m304 [0m0.586 ms - -[0m
[0mGET /javascripts/jquery-1.12.2.min.js [36m304 [0m0.532 ms - -[0m
[0mGET /javascripts/bootstrap.min.js [36m304 [0m0.975 ms - -[0m
[0mGET /javascripts/md5.min.js [36m304 [0m1.322 ms - -[0m

> eternity@0.0.0 start /host/eternity
> node ./bin/www

Express server listening on port 3000
[0mGET /eternity/admin [33m404 [0m664.279 ms - 862[0m
[0mGET /admin [32m200 [0m70.039 ms - 1731[0m
[0mGET /stylesheets/bootstrap.min.css [36m304 [0m13.563 ms - -[0m
[0mGET /javascripts/jquery-1.12.2.min.js [36m304 [0m13.174 ms - -[0m
[0mGET /javascripts/bootstrap.min.js [36m304 [0m9.440 ms - -[0m
[0mGET /javascripts/md5.min.js [36m304 [0m7.996 ms - -[0m
[0mGET / [32m200 [0m69.652 ms - 2581[0m
[0mGET /stylesheets/bootstrap.min.css [36m304 [0m2.753 ms - -[0m
[0mGET /stylesheets/love-record/main.css [36m304 [0m21.074 ms - -[0m
[0mGET /javascripts/jquery-1.12.2.min.js [36m304 [0m12.825 ms - -[0m
[0mGET /javascripts/bootstrap.min.js [36m304 [0m6.464 ms - -[0m
[0mGET /javascripts/count-time.js [36m304 [0m4.850 ms - -[0m
[0mGET /javascripts/jquery.backstretch.min.js [36m304 [0m2.300 ms - -[0m
[0mGET /fonts/journal-webfont.woff [36m304 [0m9.691 ms - -[0m
[0mGET /eternity/love-record/imgs [33m404 [0m36.557 ms - 862[0m
[0mGET /eternity/love-record/says [33m404 [0m31.123 ms - 862[0m
[0mGET /media/hongdou.mp3 [32m206 [0m9.108 ms - 1894144[0m

> eternity@0.0.0 start /host/eternity
> node ./bin/www


events.js:72
        throw er; // Unhandled 'error' event
              ^
Error: listen EADDRINUSE
    at errnoException (net.js:905:11)
    at Server._listen2 (net.js:1043:14)
    at listen (net.js:1065:10)
    at Server.listen (net.js:1139:5)
    at Object.<anonymous> (/host/eternity/app.js:82:24)
    at Module._compile (module.js:456:26)
    at Object.Module._extensions..js (module.js:474:10)
    at Module.load (module.js:356:32)
    at Function.Module._load (module.js:312:12)
    at Module.require (module.js:364:17)

npm ERR! eternity@0.0.0 start: `node ./bin/www`
npm ERR! Exit status 8
npm ERR! 
npm ERR! Failed at the eternity@0.0.0 start script.
npm ERR! This is most likely a problem with the eternity package,
npm ERR! not with npm itself.
npm ERR! Tell the author that this fails on your system:
npm ERR!     node ./bin/www
npm ERR! You can get their info via:
npm ERR!     npm owner ls eternity
npm ERR! There is likely additional logging output above.
npm ERR! System Linux 3.2.0-23-generic-pae
npm ERR! command "/usr/bin/node" "/usr/bin/npm" "start"
npm ERR! cwd /host/eternity
npm ERR! node -v v0.10.37
npm ERR! npm -v 1.4.28
npm ERR! code ELIFECYCLE
npm ERR! 
npm ERR! Additional logging details can be found in:
npm ERR!     /host/eternity/npm-debug.log
npm ERR! not ok code 0
[0mGET / [32m200 [0m53.785 ms - 2563[0m
[0mGET /stylesheets/bootstrap.min.css [36m304 [0m5.311 ms - -[0m
[0mGET /stylesheets/love-record/main.css [36m304 [0m2.731 ms - -[0m
[0mGET /javascripts/jquery-1.12.2.min.js [36m304 [0m10.688 ms - -[0m
[0mGET /javascripts/bootstrap.min.js [36m304 [0m5.486 ms - -[0m
[0mGET /javascripts/count-time.js [36m304 [0m3.687 ms - -[0m
[0mGET /javascripts/jquery.backstretch.min.js [36m304 [0m3.756 ms - -[0m
[0mGET /fonts/journal-webfont.woff [36m304 [0m2.977 ms - -[0m
[0mGET /love-record/imgs [32m200 [0m54.272 ms - 1095[0m
loading file: /host/eternity/public/config/says.txt
[0mGET /love-record/says [32m200 [0m72.718 ms - 2341[0m
[0mGET /images/love-record/1.jpg [36m304 [0m0.832 ms - -[0m
[0mGET /images/love-record/2.JPG [36m304 [0m0.804 ms - -[0m
[0mGET /images/love-record/3.jpg [36m304 [0m2.240 ms - -[0m
[0mGET /images/love-record/4.JPG [36m304 [0m2.061 ms - -[0m
[0mGET /images/love-record/5.jpg [36m304 [0m1.282 ms - -[0m
[0mGET /images/love-record/6.jpg [36m304 [0m0.515 ms - -[0m
[0mGET /images/love-record/7.jpg [36m304 [0m0.610 ms - -[0m
[0mGET /images/love-record/8.jpg [36m304 [0m0.660 ms - -[0m
[0mGET /images/love-record/9.jpg [36m304 [0m1.853 ms - -[0m
[0mGET /images/love-record/10.jpg [32m206 [0m7.987 ms - 1[0m
[0mGET /images/love-record/11.jpg [36m304 [0m5.911 ms - -[0m
[0mGET /images/love-record/12.jpg [36m304 [0m1.522 ms - -[0m
[0mGET /images/love-record/13.jpg [36m304 [0m1.570 ms - -[0m
[0mGET /images/love-record/14.jpg [36m304 [0m0.888 ms - -[0m
[0mGET /images/love-record/15.jpg [36m304 [0m16.857 ms - -[0m
[0mGET /images/love-record/16.jpg [36m304 [0m15.781 ms - -[0m
[0mGET /images/love-record/17.jpg [36m304 [0m15.555 ms - -[0m
[0mGET /images/love-record/18.jpg [36m304 [0m16.406 ms - -[0m
[0mGET /images/love-record/19.jpg [36m304 [0m5.545 ms - -[0m
[0mGET /images/love-record/20.jpg [36m304 [0m3.044 ms - -[0m
[0mGET /images/love-record/21.jpg [36m304 [0m0.774 ms - -[0m
[0mGET /images/love-record/22.jpg [36m304 [0m1.960 ms - -[0m
[0mGET /images/love-record/23.jpg [36m304 [0m0.604 ms - -[0m
[0mGET /images/love-record/24.jpg [36m304 [0m0.615 ms - -[0m
[0mGET /images/love-record/25.jpg [36m304 [0m1.028 ms - -[0m
[0mGET /images/love-record/10.jpg [32m206 [0m34.227 ms - 5264060[0m
[0mGET /images/love-record/26.jpg [36m304 [0m0.803 ms - -[0m
[0mGET /images/love-record/27.jpg [36m304 [0m1.797 ms - -[0m
[0mGET /images/love-record/28.jpg [36m304 [0m0.388 ms - -[0m
[0mGET /images/love-record/29.jpg [36m304 [0m1.634 ms - -[0m
[0mGET /images/love-record/30.jpg [36m304 [0m0.622 ms - -[0m
[0mGET /images/love-record/31.jpg [36m304 [0m0.493 ms - -[0m
[0mGET /images/love-record/32.jpg [36m304 [0m8.462 ms - -[0m
[0mGET /images/love-record/33.jpg [36m304 [0m4.908 ms - -[0m
[0mGET /images/love-record/37.png [36m304 [0m3.789 ms - -[0m
[0mGET /images/love-record/34.jpg [36m304 [0m3.650 ms - -[0m
[0mGET /images/love-record/35.jpg [36m304 [0m31.726 ms - -[0m
[0mGET /images/love-record/36.jpg [36m304 [0m34.606 ms - -[0m
[0mGET /images/love-record/end.jpg [36m304 [0m52.642 ms - -[0m
[0mGET /images/love-record/3.jpg [36m304 [0m0.496 ms - -[0m
[0mGET /images/love-record/4.JPG [36m304 [0m0.930 ms - -[0m
[0mGET /images/love-record/5.jpg [36m304 [0m0.499 ms - -[0m
[0mGET /images/love-record/6.jpg [36m304 [0m0.729 ms - -[0m
[0mGET /images/love-record/7.jpg [36m304 [0m0.331 ms - -[0m
[0mGET /images/love-record/8.jpg [36m304 [0m0.353 ms - -[0m
[0mGET /images/love-record/9.jpg [36m304 [0m0.660 ms - -[0m
[0mGET /images/love-record/10.jpg [32m206 [0m2.332 ms - 1[0m
[0mGET /images/love-record/11.jpg [36m304 [0m3.053 ms - -[0m
[0mGET /images/love-record/12.jpg [36m304 [0m1.515 ms - -[0m
[0mGET /images/love-record/13.jpg [36m304 [0m0.722 ms - -[0m
[0mGET /images/love-record/14.jpg [36m304 [0m1.018 ms - -[0m
[0mGET /images/love-record/15.jpg [36m304 [0m1.013 ms - -[0m
[0mGET /images/love-record/16.jpg [36m304 [0m1.131 ms - -[0m
[0mGET /images/love-record/17.jpg [36m304 [0m1.258 ms - -[0m
[0mGET /images/love-record/18.jpg [36m304 [0m1.061 ms - -[0m
[0mGET /images/love-record/19.jpg [36m304 [0m1.246 ms - -[0m
[0mGET /images/love-record/20.jpg [36m304 [0m2.022 ms - -[0m
[0mGET /images/love-record/21.jpg [36m304 [0m1.682 ms - -[0m
[0mGET /images/love-record/22.jpg [36m304 [0m1.422 ms - -[0m
[0mGET /images/love-record/23.jpg [36m304 [0m0.956 ms - -[0m
[0mGET /images/love-record/24.jpg [36m304 [0m0.968 ms - -[0m
[0mGET /images/love-record/25.jpg [36m304 [0m1.178 ms - -[0m
[0mGET /images/love-record/26.jpg [36m304 [0m1.104 ms - -[0m
[0mGET /images/love-record/27.jpg [36m304 [0m1.415 ms - -[0m
[0mGET /images/love-record/28.jpg [36m304 [0m0.833 ms - -[0m
[0mGET /images/love-record/29.jpg [36m304 [0m0.955 ms - -[0m
[0mGET /images/love-record/30.jpg [36m304 [0m1.823 ms - -[0m
[0mGET /images/love-record/31.jpg [36m304 [0m2.418 ms - -[0m
[0mGET /images/love-record/32.jpg [36m304 [0m0.814 ms - -[0m
[0mGET /images/love-record/33.jpg [36m304 [0m1.022 ms - -[0m
[0mGET /images/love-record/34.jpg [36m304 [0m0.904 ms - -[0m
[0mGET /images/love-record/35.jpg [36m304 [0m1.214 ms - -[0m
[0mGET /images/love-record/36.jpg [36m304 [0m0.774 ms - -[0m
[0mGET /images/love-record/37.png [36m304 [0m0.582 ms - -[0m
[0mGET /images/love-record/end.jpg [36m304 [0m0.458 ms - -[0m
[0mGET /images/love-record/1.jpg [36m304 [0m0.730 ms - -[0m
[0mGET /images/love-record/9.jpg [36m304 [0m1.525 ms - -[0m
[0mGET /images/love-record/10.jpg [32m206 [0m2.307 ms - 1[0m
[0mGET /images/love-record/11.jpg [36m304 [0m1.991 ms - -[0m
[0mGET /images/love-record/12.jpg [36m304 [0m0.686 ms - -[0m
[0mGET /images/love-record/13.jpg [36m304 [0m0.712 ms - -[0m
[0mGET /images/love-record/14.jpg [36m304 [0m0.666 ms - -[0m
[0mGET /images/love-record/15.jpg [36m304 [0m1.115 ms - -[0m
[0mGET /images/love-record/16.jpg [36m304 [0m0.679 ms - -[0m
[0mGET /images/love-record/17.jpg [36m304 [0m0.842 ms - -[0m
[0mGET /images/love-record/18.jpg [36m304 [0m0.655 ms - -[0m
[0mGET /images/love-record/19.jpg [36m304 [0m1.334 ms - -[0m
[0mGET /images/love-record/20.jpg [36m304 [0m0.657 ms - -[0m
[0mGET /images/love-record/21.jpg [36m304 [0m1.001 ms - -[0m
[0mGET /images/love-record/22.jpg [36m304 [0m0.609 ms - -[0m
[0mGET /images/love-record/23.jpg [36m304 [0m1.104 ms - -[0m
[0mGET /images/love-record/24.jpg [36m304 [0m1.676 ms - -[0m
[0mGET /images/love-record/25.jpg [36m304 [0m0.923 ms - -[0m
[0mGET /images/love-record/26.jpg [36m304 [0m0.636 ms - -[0m
[0mGET /images/love-record/27.jpg [36m304 [0m0.813 ms - -[0m
[0mGET /images/love-record/28.jpg [36m304 [0m0.627 ms - -[0m
[0mGET /images/love-record/29.jpg [36m304 [0m1.568 ms - -[0m
[0mGET /images/love-record/30.jpg [36m304 [0m0.814 ms - -[0m
[0mGET /images/love-record/31.jpg [36m304 [0m0.971 ms - -[0m
[0mGET /images/love-record/32.jpg [36m304 [0m0.770 ms - -[0m
[0mGET /images/love-record/33.jpg [36m304 [0m0.787 ms - -[0m
[0mGET /images/love-record/34.jpg [36m304 [0m0.640 ms - -[0m
[0mGET /images/love-record/35.jpg [36m304 [0m1.230 ms - -[0m
[0mGET /images/love-record/36.jpg [36m304 [0m1.456 ms - -[0m
[0mGET /images/love-record/37.png [31m500 [0m16.694 ms - 165[0m
[0mGET /images/love-record/end.jpg [36m304 [0m0.712 ms - -[0m
[0mGET /images/love-record/1.jpg [36m304 [0m2.538 ms - -[0m
[0mGET /images/love-record/2.JPG [36m304 [0m0.802 ms - -[0m
[0mGET /images/love-record/3.jpg [36m304 [0m0.798 ms - -[0m
[0mGET /images/love-record/4.JPG [36m304 [0m0.747 ms - -[0m
[0mGET /images/love-record/5.jpg [36m304 [0m1.464 ms - -[0m
[0mGET /images/love-record/6.jpg [36m304 [0m0.868 ms - -[0m
[0mGET /images/love-record/7.jpg [36m304 [0m1.040 ms - -[0m
[0mGET /images/love-record/10.jpg [32m206 [0m2.755 ms - 1[0m
[0mGET /images/love-record/37.png [33m404 [0m12.596 ms - 862[0m
[0mGET /images/love-record/10.jpg [32m206 [0m2.434 ms - 1[0m
[0mGET /eternity/admin [33m404 [0m11.984 ms - 862[0m
[0mGET /admin [36m304 [0m25.032 ms - -[0m
[0mGET /stylesheets/bootstrap.min.css [36m304 [0m12.138 ms - -[0m
[0mGET /javascripts/jquery-1.12.2.min.js [36m304 [0m14.413 ms - -[0m
[0mGET /javascripts/bootstrap.min.js [36m304 [0m19.248 ms - -[0m
[0mGET /javascripts/md5.min.js [36m304 [0m18.786 ms - -[0m
[0mGET / [36m304 [0m28.728 ms - -[0m
[0mGET /stylesheets/bootstrap.min.css [36m304 [0m9.455 ms - -[0m
[0mGET /javascripts/jquery-1.12.2.min.js [36m304 [0m13.593 ms - -[0m
[0mGET /javascripts/bootstrap.min.js [36m304 [0m13.423 ms - -[0m
[0mGET /javascripts/count-time.js [36m304 [0m20.328 ms - -[0m
[0mGET /javascripts/jquery.backstretch.min.js [36m304 [0m22.427 ms - -[0m
[0mGET /stylesheets/love-record/main.css [36m304 [0m26.094 ms - -[0m
[0mGET /media/hongdou.mp3 [36m304 [0m1.117 ms - -[0m
[0mGET /fonts/journal-webfont.woff [36m304 [0m2.224 ms - -[0m
[0mGET /love-record/imgs [32m200 [0m15.327 ms - 1066[0m
loading file: /host/eternity/public/config/says.txt
[0mGET /love-record/says [32m200 [0m5.063 ms - 2305[0m
[0mGET /images/love-record/1.jpg [36m304 [0m0.682 ms - -[0m
[0mGET /images/love-record/2.JPG [36m304 [0m0.647 ms - -[0m
[0mGET /images/love-record/3.jpg [36m304 [0m0.470 ms - -[0m
[0mGET /images/love-record/4.JPG [36m304 [0m0.538 ms - -[0m
[0mGET /images/love-record/5.jpg [36m304 [0m0.481 ms - -[0m
[0mGET /images/love-record/6.jpg [36m304 [0m1.722 ms - -[0m
[0mGET /images/love-record/7.jpg [36m304 [0m3.688 ms - -[0m
[0mGET /images/love-record/8.jpg [36m304 [0m3.870 ms - -[0m
[0mGET /images/love-record/11.jpg [36m304 [0m5.818 ms - -[0m
[0mGET /images/love-record/9.jpg [36m304 [0m3.422 ms - -[0m
[0mGET /images/love-record/12.jpg [36m304 [0m7.606 ms - -[0m
[0mGET /images/love-record/13.jpg [36m304 [0m15.179 ms - -[0m
[0mGET /images/love-record/14.jpg [36m304 [0m3.318 ms - -[0m
[0mGET /images/love-record/15.jpg [36m304 [0m4.756 ms - -[0m
[0mGET /images/love-record/10.jpg [32m206 [0m31.356 ms - 1[0m
[0mGET /images/love-record/16.jpg [36m304 [0m6.790 ms - -[0m
[0mGET /images/love-record/17.jpg [36m304 [0m1.064 ms - -[0m
[0mGET /images/love-record/18.jpg [36m304 [0m5.030 ms - -[0m
[0mGET /images/love-record/19.jpg [36m304 [0m2.866 ms - -[0m
[0mGET /images/love-record/20.jpg [36m304 [0m3.055 ms - -[0m
[0mGET /images/love-record/21.jpg [36m304 [0m11.585 ms - -[0m
[0mGET /images/love-record/22.jpg [36m304 [0m9.983 ms - -[0m
[0mGET /images/love-record/23.jpg [36m304 [0m4.353 ms - -[0m
[0mGET /images/love-record/24.jpg [36m304 [0m9.240 ms - -[0m
[0mGET /images/love-record/25.jpg [36m304 [0m2.950 ms - -[0m
[0mGET /images/love-record/26.jpg [36m304 [0m3.377 ms - -[0m
[0mGET /images/love-record/27.jpg [36m304 [0m0.700 ms - -[0m
[0mGET /images/love-record/28.jpg [36m304 [0m0.598 ms - -[0m
[0mGET /images/love-record/29.jpg [36m304 [0m0.480 ms - -[0m
[0mGET /images/love-record/30.jpg [36m304 [0m1.260 ms - -[0m
[0mGET /images/love-record/31.jpg [36m304 [0m0.678 ms - -[0m
[0mGET /images/love-record/32.jpg [36m304 [0m1.915 ms - -[0m
[0mGET /images/love-record/33.jpg [36m304 [0m1.423 ms - -[0m
[0mGET /images/love-record/34.jpg [36m304 [0m0.501 ms - -[0m
[0mGET /images/love-record/35.jpg [36m304 [0m2.152 ms - -[0m
[0mGET /images/love-record/36.jpg [36m304 [0m2.250 ms - -[0m
[0mGET /images/love-record/end.jpg [36m304 [0m1.127 ms - -[0m
[0mGET /images/love-record/10.jpg [32m206 [0m17.413 ms - 4950461[0m
[0mGET /images/love-record/2.JPG [36m304 [0m0.395 ms - -[0m
[0mGET /images/love-record/3.jpg [36m304 [0m0.395 ms - -[0m
[0mGET /images/love-record/4.JPG [36m304 [0m0.561 ms - -[0m
[0mGET /images/love-record/5.jpg [36m304 [0m0.403 ms - -[0m
[0mGET /images/love-record/6.jpg [36m304 [0m1.119 ms - -[0m
[0mGET /images/love-record/7.jpg [36m304 [0m0.318 ms - -[0m
[0mGET /images/love-record/8.jpg [36m304 [0m0.395 ms - -[0m
